<?xml version="1.0" encoding="UTF-8"?>
<testng-results ignored="4" total="13" passed="9" failed="0" skipped="0">
  <reporter-output>
  </reporter-output>
  <suite started-at="2022-12-03T11:02:30 EET" name="Smoke" finished-at="2022-12-03T11:03:04 EET" duration-ms="34162">
    <groups>
    </groups>
    <test started-at="2022-12-03T11:02:30 EET" name="Tests of Rozetka Notebooks category" finished-at="2022-12-03T11:03:04 EET" duration-ms="34162">
      <class name="com.softserve.rozetka.tests.NotebooksSortingTest">
        <test-method is-config="true" signature="setPreconditions()[pri:0, instance:com.softserve.rozetka.tests.NotebooksSortingTest@54c562f7]" started-at="2022-12-03T11:02:37 EET" name="setPreconditions" finished-at="2022-12-03T11:02:44 EET" duration-ms="6499" status="PASS">
          <reporter-output>
          </reporter-output>
        </test-method> <!-- setPreconditions -->
        <test-method signature="checkNotebooksFilteringFromLowerToHigher()[pri:1, instance:com.softserve.rozetka.tests.NotebooksSortingTest@54c562f7]" started-at="2022-12-03T11:02:44 EET" name="checkNotebooksFilteringFromLowerToHigher" finished-at="2022-12-03T11:02:48 EET" duration-ms="4198" status="PASS">
          <reporter-output>
          </reporter-output>
        </test-method> <!-- checkNotebooksFilteringFromLowerToHigher -->
        <test-method signature="checkNotebooksFilteringFromHigherToLower()[pri:2, instance:com.softserve.rozetka.tests.NotebooksSortingTest@54c562f7]" started-at="2022-12-03T11:02:48 EET" name="checkNotebooksFilteringFromHigherToLower" finished-at="2022-12-03T11:02:51 EET" duration-ms="2579" status="PASS">
          <reporter-output>
          </reporter-output>
        </test-method> <!-- checkNotebooksFilteringFromHigherToLower -->
        <test-method is-config="true" signature="closeWindow()[pri:0, instance:com.softserve.rozetka.tests.NotebooksSortingTest@54c562f7]" started-at="2022-12-03T11:02:51 EET" name="closeWindow" finished-at="2022-12-03T11:02:51 EET" duration-ms="245" status="PASS">
          <reporter-output>
          </reporter-output>
        </test-method> <!-- closeWindow -->
      </class> <!-- com.softserve.rozetka.tests.NotebooksSortingTest -->
      <class name="com.softserve.rozetka.tests.LoginPageTest">
        <test-method is-config="true" signature="beforeSuite()[pri:0, instance:com.softserve.rozetka.tests.LoginPageTest@309e345f]" started-at="2022-12-03T11:02:29 EET" name="beforeSuite" finished-at="2022-12-03T11:02:30 EET" duration-ms="1178" status="PASS">
          <reporter-output>
          </reporter-output>
        </test-method> <!-- beforeSuite -->
        <test-method is-config="true" signature="setPreconditions()[pri:0, instance:com.softserve.rozetka.tests.LoginPageTest@309e345f]" started-at="2022-12-03T11:02:30 EET" name="setPreconditions" finished-at="2022-12-03T11:02:35 EET" duration-ms="4788" status="PASS">
          <reporter-output>
          </reporter-output>
        </test-method> <!-- setPreconditions -->
        <test-method signature="checkErrorInvalidEmail()[pri:1, instance:com.softserve.rozetka.tests.LoginPageTest@309e345f]" started-at="2022-12-03T11:02:35 EET" name="checkErrorInvalidEmail" finished-at="2022-12-03T11:02:36 EET" duration-ms="551" status="PASS">
          <reporter-output>
          </reporter-output>
        </test-method> <!-- checkErrorInvalidEmail -->
        <test-method signature="checkErrorUnregisteredEmail()[pri:2, instance:com.softserve.rozetka.tests.LoginPageTest@309e345f]" started-at="2022-12-03T11:02:36 EET" name="checkErrorUnregisteredEmail" finished-at="2022-12-03T11:02:36 EET" duration-ms="360" status="PASS">
          <reporter-output>
          </reporter-output>
        </test-method> <!-- checkErrorUnregisteredEmail -->
        <test-method signature="checkOpenPasswordRecoveryFormAfterClickingOnRemindPasswordButton()[pri:3, instance:com.softserve.rozetka.tests.LoginPageTest@309e345f]" started-at="2022-12-03T11:02:36 EET" name="checkOpenPasswordRecoveryFormAfterClickingOnRemindPasswordButton" finished-at="2022-12-03T11:02:36 EET" duration-ms="349" status="PASS">
          <reporter-output>
          </reporter-output>
        </test-method> <!-- checkOpenPasswordRecoveryFormAfterClickingOnRemindPasswordButton -->
        <test-method signature="checkHideShowPasswordButtonShowsPasswordOnEvenNumberClicks()[pri:4, instance:com.softserve.rozetka.tests.LoginPageTest@309e345f]" started-at="2022-12-03T11:02:36 EET" name="checkHideShowPasswordButtonShowsPasswordOnEvenNumberClicks" finished-at="2022-12-03T11:02:37 EET" duration-ms="559" status="PASS">
          <reporter-output>
          </reporter-output>
        </test-method> <!-- checkHideShowPasswordButtonShowsPasswordOnEvenNumberClicks -->
        <test-method signature="checkHideShowPasswordButtonShowsPasswordOnOddNumberClicks()[pri:5, instance:com.softserve.rozetka.tests.LoginPageTest@309e345f]" started-at="2022-12-03T11:02:37 EET" name="checkHideShowPasswordButtonShowsPasswordOnOddNumberClicks" finished-at="2022-12-03T11:02:37 EET" duration-ms="328" status="PASS">
          <reporter-output>
          </reporter-output>
        </test-method> <!-- checkHideShowPasswordButtonShowsPasswordOnOddNumberClicks -->
        <test-method is-config="true" signature="closeWindow()[pri:0, instance:com.softserve.rozetka.tests.LoginPageTest@309e345f]" started-at="2022-12-03T11:02:37 EET" name="closeWindow" finished-at="2022-12-03T11:02:37 EET" duration-ms="243" status="PASS">
          <reporter-output>
          </reporter-output>
        </test-method> <!-- closeWindow -->
        <test-method is-config="true" signature="afterSuite()[pri:0, instance:com.softserve.rozetka.tests.LoginPageTest@309e345f]" started-at="2022-12-03T11:03:04 EET" name="afterSuite" finished-at="2022-12-03T11:03:04 EET" duration-ms="0" status="PASS">
          <reporter-output>
          </reporter-output>
        </test-method> <!-- afterSuite -->
      </class> <!-- com.softserve.rozetka.tests.LoginPageTest -->
      <class name="com.softserve.rozetka.tests.NoteBookFilteringTest">
        <test-method is-config="true" signature="setPreconditions()[pri:0, instance:com.softserve.rozetka.tests.NoteBookFilteringTest@318ba8c8]" started-at="2022-12-03T11:02:51 EET" name="setPreconditions" finished-at="2022-12-03T11:02:58 EET" duration-ms="7121" status="PASS">
          <reporter-output>
          </reporter-output>
        </test-method> <!-- setPreconditions -->
        <test-method signature="checkSearchingNotebooksOfOneBrand()[pri:1, instance:com.softserve.rozetka.tests.NoteBookFilteringTest@318ba8c8]" started-at="2022-12-03T11:02:58 EET" name="checkSearchingNotebooksOfOneBrand" finished-at="2022-12-03T11:03:02 EET" duration-ms="3450" status="PASS">
          <reporter-output>
          </reporter-output>
        </test-method> <!-- checkSearchingNotebooksOfOneBrand -->
        <test-method signature="checkSearchingNotebooksOfInvalidBrand()[pri:2, instance:com.softserve.rozetka.tests.NoteBookFilteringTest@318ba8c8]" started-at="2022-12-03T11:03:02 EET" name="checkSearchingNotebooksOfInvalidBrand" finished-at="2022-12-03T11:03:04 EET" duration-ms="2619" status="PASS">
          <reporter-output>
          </reporter-output>
        </test-method> <!-- checkSearchingNotebooksOfInvalidBrand -->
        <test-method is-config="true" signature="closeWindow()[pri:0, instance:com.softserve.rozetka.tests.NoteBookFilteringTest@318ba8c8]" started-at="2022-12-03T11:03:04 EET" name="closeWindow" finished-at="2022-12-03T11:03:04 EET" duration-ms="226" status="PASS">
          <reporter-output>
          </reporter-output>
        </test-method> <!-- closeWindow -->
      </class> <!-- com.softserve.rozetka.tests.NoteBookFilteringTest -->
    </test> <!-- Tests of Rozetka Notebooks category -->
  </suite> <!-- Smoke -->
</testng-results>
