<?xml version="1.0" encoding="UTF-8"?>
<testng-results ignored="0" total="4" passed="4" failed="0" skipped="0">
  <reporter-output>
  </reporter-output>
  <suite started-at="2022-11-22T14:39:12 EET" name="Smoke" finished-at="2022-11-22T14:39:42 EET" duration-ms="29537">
    <groups>
    </groups>
    <test started-at="2022-11-22T14:39:12 EET" name="Tests of Rozetka Notebooks category" finished-at="2022-11-22T14:39:42 EET" duration-ms="29537">
      <class name="com.softserve.rozetka.tests.NotebooksSortingTest">
        <test-method is-config="true" signature="beforeSuite()[pri:0, instance:com.softserve.rozetka.tests.NotebooksSortingTest@229d10bd]" started-at="2022-11-22T14:39:12 EET" name="beforeSuite" finished-at="2022-11-22T14:39:12 EET" duration-ms="552" status="PASS">
          <reporter-output>
          </reporter-output>
        </test-method> <!-- beforeSuite -->
        <test-method is-config="true" signature="setPreconditions()[pri:0, instance:com.softserve.rozetka.tests.NotebooksSortingTest@229d10bd]" started-at="2022-11-22T14:39:12 EET" name="setPreconditions" finished-at="2022-11-22T14:39:24 EET" duration-ms="11784" status="PASS">
          <reporter-output>
          </reporter-output>
        </test-method> <!-- setPreconditions -->
        <test-method signature="checkSearchingNotebooksOfOneBrand()[pri:1, instance:com.softserve.rozetka.tests.NotebooksSortingTest@229d10bd]" started-at="2022-11-22T14:39:24 EET" name="checkSearchingNotebooksOfOneBrand" finished-at="2022-11-22T14:39:29 EET" duration-ms="4814" status="PASS">
          <reporter-output>
          </reporter-output>
        </test-method> <!-- checkSearchingNotebooksOfOneBrand -->
        <test-method signature="checkSearchingNotebooksOfInvalidBrand()[pri:2, instance:com.softserve.rozetka.tests.NotebooksSortingTest@229d10bd]" started-at="2022-11-22T14:39:29 EET" name="checkSearchingNotebooksOfInvalidBrand" finished-at="2022-11-22T14:39:35 EET" duration-ms="6228" status="PASS">
          <reporter-output>
          </reporter-output>
        </test-method> <!-- checkSearchingNotebooksOfInvalidBrand -->
        <test-method signature="checkNotebooksFilteringFromLowerToHigher()[pri:3, instance:com.softserve.rozetka.tests.NotebooksSortingTest@229d10bd]" started-at="2022-11-22T14:39:35 EET" name="checkNotebooksFilteringFromLowerToHigher" finished-at="2022-11-22T14:39:39 EET" duration-ms="3377" status="PASS">
          <reporter-output>
          </reporter-output>
        </test-method> <!-- checkNotebooksFilteringFromLowerToHigher -->
        <test-method signature="checkNotebooksFilteringFromHigherToLower()[pri:4, instance:com.softserve.rozetka.tests.NotebooksSortingTest@229d10bd]" started-at="2022-11-22T14:39:39 EET" name="checkNotebooksFilteringFromHigherToLower" finished-at="2022-11-22T14:39:42 EET" duration-ms="3296" status="PASS">
          <reporter-output>
          </reporter-output>
        </test-method> <!-- checkNotebooksFilteringFromHigherToLower -->
        <test-method is-config="true" signature="afterSuite()[pri:0, instance:com.softserve.rozetka.tests.NotebooksSortingTest@229d10bd]" started-at="2022-11-22T14:39:42 EET" name="afterSuite" finished-at="2022-11-22T14:39:43 EET" duration-ms="1141" status="PASS">
          <reporter-output>
          </reporter-output>
        </test-method> <!-- afterSuite -->
      </class> <!-- com.softserve.rozetka.tests.NotebooksSortingTest -->
    </test> <!-- Tests of Rozetka Notebooks category -->
  </suite> <!-- Smoke -->
</testng-results>
