<?xml version="1.0" encoding="UTF-8"?>
<!-- Generated by org.testng.reporters.JUnitXMLReporter -->
<testsuite ignored="6" hostname="DESKTOP-A4K1K6J" failures="0" tests="10" name="Tests of Rozetka Notebooks category" time="45.813" errors="0" timestamp="2022-12-10T14:29:17 EET">
  <testcase classname="com.softserve.rozetka.tests.LoginPageTest" name="checkErrorInvalidEmail" time="0.64"/>
  <testcase classname="com.softserve.rozetka.tests.LoginPageTest" name="checkErrorUnregisteredEmail" time="0.413"/>
  <testcase classname="com.softserve.rozetka.tests.LoginPageTest" name="checkOpenPasswordRecoveryFormAfterClickingOnRemindPasswordButton" time="0.403"/>
  <testcase classname="com.softserve.rozetka.tests.LoginPageTest" name="checkHideShowPasswordButtonShowsPasswordOnEvenNumberClicks" time="0.576"/>
  <testcase classname="com.softserve.rozetka.tests.LoginPageTest" name="checkHideShowPasswordButtonShowsPasswordOnOddNumberClicks" time="0.321"/>
  <testcase classname="com.softserve.rozetka.tests.NotebooksSortingTest" name="checkNotebooksFilteringFromLowerToHigher" time="3.536"/>
  <testcase classname="com.softserve.rozetka.tests.NotebooksSortingTest" name="checkNotebooksFilteringFromHigherToLower" time="2.596"/>
  <testcase classname="com.softserve.rozetka.tests.NoteBookFilteringTest" name="checkSearchingNotebooksOfOneBrand" time="4.174"/>
  <testcase classname="com.softserve.rozetka.tests.NoteBookFilteringTest" name="checkSearchingNotebooksOfInvalidBrand" time="2.627"/>
  <testcase classname="com.softserve.rozetka.tests.FilterByPriceTest" name="checkThePriceRange" time="3.844"/>
  <testcase classname="com.softserve.rozetka.runners.BaseRunner" name="@BeforeSuite beforeSuite" time="0.0">
    <ignored/>
  </testcase> <!-- @BeforeSuite beforeSuite -->
  <testcase classname="com.softserve.rozetka.runners.BaseRunner" name="@BeforeSuite beforeSuite" time="0.0">
    <ignored/>
  </testcase> <!-- @BeforeSuite beforeSuite -->
  <testcase classname="com.softserve.rozetka.runners.BaseRunner" name="@AfterSuite afterSuite" time="0.0">
    <ignored/>
  </testcase> <!-- @AfterSuite afterSuite -->
  <testcase classname="com.softserve.rozetka.runners.BaseRunner" name="@AfterSuite afterSuite" time="0.0">
    <ignored/>
  </testcase> <!-- @AfterSuite afterSuite -->
  <testcase classname="com.softserve.rozetka.runners.BaseRunner" name="@BeforeSuite beforeSuite" time="0.0">
    <ignored/>
  </testcase> <!-- @BeforeSuite beforeSuite -->
  <testcase classname="com.softserve.rozetka.runners.BaseRunner" name="@AfterSuite afterSuite" time="0.0">
    <ignored/>
  </testcase> <!-- @AfterSuite afterSuite -->
</testsuite> <!-- Tests of Rozetka Notebooks category -->
