<?xml version="1.0" encoding="UTF-8"?>
<!-- Generated by org.testng.reporters.JUnitXMLReporter -->
<testsuite ignored="0" hostname="DESKTOP-A4K1K6J" failures="0" tests="4" name="Tests of Rozetka Notebooks category" time="29.089" errors="0" timestamp="2022-11-22T14:50:14 EET">
  <testcase classname="com.softserve.rozetka.tests.NotebooksSortingTest" name="checkSearchingNotebooksOfOneBrand" time="4.591"/>
  <testcase classname="com.softserve.rozetka.tests.NotebooksSortingTest" name="checkSearchingNotebooksOfInvalidBrand" time="6.259"/>
  <testcase classname="com.softserve.rozetka.tests.NotebooksSortingTest" name="checkNotebooksFilteringFromLowerToHigher" time="3.454"/>
  <testcase classname="com.softserve.rozetka.tests.NotebooksSortingTest" name="checkNotebooksFilteringFromHigherToLower" time="3.302"/>
</testsuite> <!-- Tests of Rozetka Notebooks category -->
